[0.461s] DEBUG:colcon:Command line arguments: ['/home/benny233/.local/bin/colcon', 'build']
[0.461s] DEBUG:colcon:Parsed command line arguments: Namespace(log_base=None, log_level=None, verb_name='build', build_base='build', install_base='install', merge_install=False, symlink_install=False, test_result_base=None, continue_on_error=False, executor='parallel', parallel_workers=6, event_handlers=None, ignore_user_meta=False, metas=['./colcon.meta'], base_paths=['.'], packages_ignore=None, packages_ignore_regex=None, paths=None, packages_up_to=None, packages_up_to_regex=None, packages_above=None, packages_above_and_dependencies=None, packages_above_depth=None, packages_select_by_dep=None, packages_skip_by_dep=None, packages_skip_up_to=None, packages_select_build_failed=False, packages_skip_build_finished=False, packages_select_test_failures=False, packages_skip_test_passed=False, packages_select=None, packages_skip=None, packages_select_regex=None, packages_skip_regex=None, packages_start=None, packages_end=None, allow_overriding=[], cmake_args=None, cmake_target=None, cmake_target_skip_unavailable=False, cmake_clean_cache=False, cmake_clean_first=False, cmake_force_configure=False, ament_cmake_args=None, catkin_cmake_args=None, catkin_skip_building_tests=False, verb_parser=<colcon_defaults.argument_parser.defaults.DefaultArgumentsDecorator object at 0xffff86089a20>, verb_extension=<colcon_core.verb.build.BuildVerb object at 0xffff860889a0>, main=<bound method BuildVerb.main of <colcon_core.verb.build.BuildVerb object at 0xffff860889a0>>)
[0.481s] Level 1:colcon.colcon_core.package_discovery:discover_packages(colcon_meta) check parameters
[0.481s] Level 1:colcon.colcon_core.package_discovery:discover_packages(recursive) check parameters
[0.481s] Level 1:colcon.colcon_core.package_discovery:discover_packages(ignore) check parameters
[0.481s] Level 1:colcon.colcon_core.package_discovery:discover_packages(path) check parameters
[0.481s] Level 1:colcon.colcon_core.package_discovery:discover_packages(colcon_meta) discover
[0.481s] Level 1:colcon.colcon_core.package_discovery:discover_packages(recursive) discover
[0.481s] INFO:colcon.colcon_core.package_discovery:Crawling recursively for packages in '/home/benny233/ros2_ws/src/ros2_pcnode_test'
[0.481s] Level 1:colcon.colcon_core.package_identification:_identify(.) by extensions ['ignore', 'ignore_ament_install']
[0.481s] Level 1:colcon.colcon_core.package_identification:_identify(.) by extension 'ignore'
[0.481s] Level 1:colcon.colcon_core.package_identification:_identify(.) by extension 'ignore_ament_install'
[0.481s] Level 1:colcon.colcon_core.package_identification:_identify(.) by extensions ['colcon_pkg']
[0.481s] Level 1:colcon.colcon_core.package_identification:_identify(.) by extension 'colcon_pkg'
[0.481s] Level 1:colcon.colcon_core.package_identification:_identify(.) by extensions ['colcon_meta']
[0.481s] Level 1:colcon.colcon_core.package_identification:_identify(.) by extension 'colcon_meta'
[0.481s] Level 1:colcon.colcon_core.package_identification:_identify(.) by extensions ['ros']
[0.481s] Level 1:colcon.colcon_core.package_identification:_identify(.) by extension 'ros'
[0.488s] DEBUG:colcon.colcon_core.package_identification:Package '.' with type 'ros.ament_python' and name 'ros2_pcnode_test'
[0.488s] Level 1:colcon.colcon_core.package_discovery:discover_packages(recursive) using defaults
[0.488s] Level 1:colcon.colcon_core.package_discovery:discover_packages(ignore) discover
[0.488s] Level 1:colcon.colcon_core.package_discovery:discover_packages(ignore) using defaults
[0.488s] Level 1:colcon.colcon_core.package_discovery:discover_packages(path) discover
[0.488s] Level 1:colcon.colcon_core.package_discovery:discover_packages(path) using defaults
[0.529s] Level 1:colcon.colcon_core.package_discovery:discover_packages(prefix_path) check parameters
[0.529s] Level 1:colcon.colcon_core.package_discovery:discover_packages(prefix_path) discover
[0.542s] DEBUG:colcon.colcon_installed_package_information.package_discovery:Found 1 installed packages in /home/benny233/ros2_ws/install
[0.548s] DEBUG:colcon.colcon_installed_package_information.package_discovery:Found 3 installed packages in /home/benny233/microros_ws/install
[0.555s] DEBUG:colcon.colcon_installed_package_information.package_discovery:Found 270 installed packages in /opt/ros/humble
[0.555s] Level 1:colcon.colcon_core.package_discovery:discover_packages(prefix_path) using defaults
[0.604s] Level 5:colcon.colcon_core.verb:set package 'ros2_pcnode_test' build argument 'cmake_args' from command line to 'None'
[0.604s] Level 5:colcon.colcon_core.verb:set package 'ros2_pcnode_test' build argument 'cmake_target' from command line to 'None'
[0.604s] Level 5:colcon.colcon_core.verb:set package 'ros2_pcnode_test' build argument 'cmake_target_skip_unavailable' from command line to 'False'
[0.604s] Level 5:colcon.colcon_core.verb:set package 'ros2_pcnode_test' build argument 'cmake_clean_cache' from command line to 'False'
[0.604s] Level 5:colcon.colcon_core.verb:set package 'ros2_pcnode_test' build argument 'cmake_clean_first' from command line to 'False'
[0.604s] Level 5:colcon.colcon_core.verb:set package 'ros2_pcnode_test' build argument 'cmake_force_configure' from command line to 'False'
[0.604s] Level 5:colcon.colcon_core.verb:set package 'ros2_pcnode_test' build argument 'ament_cmake_args' from command line to 'None'
[0.604s] Level 5:colcon.colcon_core.verb:set package 'ros2_pcnode_test' build argument 'catkin_cmake_args' from command line to 'None'
[0.604s] Level 5:colcon.colcon_core.verb:set package 'ros2_pcnode_test' build argument 'catkin_skip_building_tests' from command line to 'False'
[0.604s] DEBUG:colcon.colcon_core.verb:Building package 'ros2_pcnode_test' with the following arguments: {'ament_cmake_args': None, 'build_base': '/home/benny233/ros2_ws/src/ros2_pcnode_test/build/ros2_pcnode_test', 'catkin_cmake_args': None, 'catkin_skip_building_tests': False, 'cmake_args': None, 'cmake_clean_cache': False, 'cmake_clean_first': False, 'cmake_force_configure': False, 'cmake_target': None, 'cmake_target_skip_unavailable': False, 'install_base': '/home/benny233/ros2_ws/src/ros2_pcnode_test/install/ros2_pcnode_test', 'merge_install': False, 'path': '/home/benny233/ros2_ws/src/ros2_pcnode_test', 'symlink_install': False, 'test_result_base': None}
[0.611s] INFO:colcon.colcon_core.executor:Executing jobs using 'parallel' executor
[0.618s] DEBUG:colcon.colcon_parallel_executor.executor.parallel:run_until_complete
[0.618s] INFO:colcon.colcon_ros.task.ament_python.build:Building ROS package in '/home/benny233/ros2_ws/src/ros2_pcnode_test' with build type 'ament_python'
[0.618s] Level 1:colcon.colcon_core.shell:create_environment_hook('ros2_pcnode_test', 'ament_prefix_path')
[0.625s] INFO:colcon.colcon_core.plugin_system:Skipping extension 'colcon_core.shell.bat': Not used on non-Windows systems
[0.625s] INFO:colcon.colcon_core.shell:Creating environment hook '/home/benny233/ros2_ws/src/ros2_pcnode_test/install/ros2_pcnode_test/share/ros2_pcnode_test/hook/ament_prefix_path.ps1'
[0.626s] INFO:colcon.colcon_core.shell:Creating environment descriptor '/home/benny233/ros2_ws/src/ros2_pcnode_test/install/ros2_pcnode_test/share/ros2_pcnode_test/hook/ament_prefix_path.dsv'
[0.626s] INFO:colcon.colcon_core.shell:Creating environment hook '/home/benny233/ros2_ws/src/ros2_pcnode_test/install/ros2_pcnode_test/share/ros2_pcnode_test/hook/ament_prefix_path.sh'
[0.634s] INFO:colcon.colcon_core.shell:Skip shell extension 'powershell' for command environment: Not usable outside of PowerShell
[0.634s] DEBUG:colcon.colcon_core.shell:Skip shell extension 'dsv' for command environment
[0.810s] INFO:colcon.colcon_core.task.python.build:Building Python package in '/home/benny233/ros2_ws/src/ros2_pcnode_test'
[0.818s] INFO:colcon.colcon_core.shell:Skip shell extension 'powershell' for command environment: Not usable outside of PowerShell
[0.818s] DEBUG:colcon.colcon_core.shell:Skip shell extension 'dsv' for command environment
[1.062s] DEBUG:colcon.colcon_core.event_handler.log_command:Invoking command in '/home/benny233/ros2_ws/src/ros2_pcnode_test': PYTHONPATH=/home/benny233/ros2_ws/src/ros2_pcnode_test/build/ros2_pcnode_test/prefix_override:/home/benny233/ros2_ws/src/ros2_pcnode_test/install/ros2_pcnode_test/lib/python3.10/site-packages:${PYTHONPATH} /usr/bin/python3 setup.py egg_info --egg-base build/ros2_pcnode_test build --build-base /home/benny233/ros2_ws/src/ros2_pcnode_test/build/ros2_pcnode_test/build install --record /home/benny233/ros2_ws/src/ros2_pcnode_test/build/ros2_pcnode_test/install.log --single-version-externally-managed
[1.239s] DEBUG:colcon.colcon_core.event_handler.log_command:Invoked command in '/home/benny233/ros2_ws/src/ros2_pcnode_test' returned '0': PYTHONPATH=/home/benny233/ros2_ws/src/ros2_pcnode_test/build/ros2_pcnode_test/prefix_override:/home/benny233/ros2_ws/src/ros2_pcnode_test/install/ros2_pcnode_test/lib/python3.10/site-packages:${PYTHONPATH} /usr/bin/python3 setup.py egg_info --egg-base build/ros2_pcnode_test build --build-base /home/benny233/ros2_ws/src/ros2_pcnode_test/build/ros2_pcnode_test/build install --record /home/benny233/ros2_ws/src/ros2_pcnode_test/build/ros2_pcnode_test/install.log --single-version-externally-managed
[1.246s] Level 1:colcon.colcon_core.environment:checking '/home/benny233/ros2_ws/src/ros2_pcnode_test/install/ros2_pcnode_test' for CMake module files
[1.246s] Level 1:colcon.colcon_core.environment:checking '/home/benny233/ros2_ws/src/ros2_pcnode_test/install/ros2_pcnode_test' for CMake config files
[1.247s] Level 1:colcon.colcon_core.environment:checking '/home/benny233/ros2_ws/src/ros2_pcnode_test/install/ros2_pcnode_test/lib'
[1.247s] Level 1:colcon.colcon_core.environment:checking '/home/benny233/ros2_ws/src/ros2_pcnode_test/install/ros2_pcnode_test/bin'
[1.247s] Level 1:colcon.colcon_core.environment:checking '/home/benny233/ros2_ws/src/ros2_pcnode_test/install/ros2_pcnode_test/lib/pkgconfig/ros2_pcnode_test.pc'
[1.247s] Level 1:colcon.colcon_core.environment:checking '/home/benny233/ros2_ws/src/ros2_pcnode_test/install/ros2_pcnode_test/lib/python3.10/site-packages'
[1.247s] Level 1:colcon.colcon_core.shell:create_environment_hook('ros2_pcnode_test', 'pythonpath')
[1.254s] INFO:colcon.colcon_core.shell:Creating environment hook '/home/benny233/ros2_ws/src/ros2_pcnode_test/install/ros2_pcnode_test/share/ros2_pcnode_test/hook/pythonpath.ps1'
[1.254s] INFO:colcon.colcon_core.shell:Creating environment descriptor '/home/benny233/ros2_ws/src/ros2_pcnode_test/install/ros2_pcnode_test/share/ros2_pcnode_test/hook/pythonpath.dsv'
[1.255s] INFO:colcon.colcon_core.shell:Creating environment hook '/home/benny233/ros2_ws/src/ros2_pcnode_test/install/ros2_pcnode_test/share/ros2_pcnode_test/hook/pythonpath.sh'
[1.255s] Level 1:colcon.colcon_core.environment:checking '/home/benny233/ros2_ws/src/ros2_pcnode_test/install/ros2_pcnode_test/bin'
[1.255s] Level 1:colcon.colcon_core.environment:create_environment_scripts_only(ros2_pcnode_test)
[1.262s] INFO:colcon.colcon_core.shell:Creating package script '/home/benny233/ros2_ws/src/ros2_pcnode_test/install/ros2_pcnode_test/share/ros2_pcnode_test/package.ps1'
[1.263s] INFO:colcon.colcon_core.shell:Creating package descriptor '/home/benny233/ros2_ws/src/ros2_pcnode_test/install/ros2_pcnode_test/share/ros2_pcnode_test/package.dsv'
[1.263s] INFO:colcon.colcon_core.shell:Creating package script '/home/benny233/ros2_ws/src/ros2_pcnode_test/install/ros2_pcnode_test/share/ros2_pcnode_test/package.sh'
[1.264s] INFO:colcon.colcon_core.shell:Creating package script '/home/benny233/ros2_ws/src/ros2_pcnode_test/install/ros2_pcnode_test/share/ros2_pcnode_test/package.bash'
[1.264s] INFO:colcon.colcon_core.shell:Creating package script '/home/benny233/ros2_ws/src/ros2_pcnode_test/install/ros2_pcnode_test/share/ros2_pcnode_test/package.zsh'
[1.264s] Level 1:colcon.colcon_core.environment:create_file_with_runtime_dependencies(/home/benny233/ros2_ws/src/ros2_pcnode_test/install/ros2_pcnode_test/share/colcon-core/packages/ros2_pcnode_test)
[1.265s] DEBUG:colcon.colcon_parallel_executor.executor.parallel:closing loop
[1.265s] DEBUG:colcon.colcon_parallel_executor.executor.parallel:loop closed
[1.265s] DEBUG:colcon.colcon_parallel_executor.executor.parallel:run_until_complete finished with '0'
[1.265s] DEBUG:colcon.colcon_core.event_reactor:joining thread
[1.276s] INFO:colcon.colcon_core.plugin_system:Skipping extension 'colcon_notification.desktop_notification.terminal_notifier': Not used on non-Darwin systems
[1.276s] INFO:colcon.colcon_core.plugin_system:Skipping extension 'colcon_notification.desktop_notification.win32': Not used on non-Windows systems
[1.276s] INFO:colcon.colcon_notification.desktop_notification:Sending desktop notification using 'notify2'
[1.284s] DEBUG:colcon.colcon_core.event_reactor:joined thread
[1.291s] INFO:colcon.colcon_core.shell:Creating prefix script '/home/benny233/ros2_ws/src/ros2_pcnode_test/install/local_setup.ps1'
[1.292s] INFO:colcon.colcon_core.shell:Creating prefix util module '/home/benny233/ros2_ws/src/ros2_pcnode_test/install/_local_setup_util_ps1.py'
[1.292s] INFO:colcon.colcon_core.shell:Creating prefix chain script '/home/benny233/ros2_ws/src/ros2_pcnode_test/install/setup.ps1'
[1.300s] INFO:colcon.colcon_core.shell:Creating prefix script '/home/benny233/ros2_ws/src/ros2_pcnode_test/install/local_setup.sh'
[1.301s] INFO:colcon.colcon_core.shell:Creating prefix util module '/home/benny233/ros2_ws/src/ros2_pcnode_test/install/_local_setup_util_sh.py'
[1.301s] INFO:colcon.colcon_core.shell:Creating prefix chain script '/home/benny233/ros2_ws/src/ros2_pcnode_test/install/setup.sh'
[1.310s] INFO:colcon.colcon_core.shell:Creating prefix script '/home/benny233/ros2_ws/src/ros2_pcnode_test/install/local_setup.bash'
[1.311s] INFO:colcon.colcon_core.shell:Creating prefix chain script '/home/benny233/ros2_ws/src/ros2_pcnode_test/install/setup.bash'
[1.320s] INFO:colcon.colcon_core.shell:Creating prefix script '/home/benny233/ros2_ws/src/ros2_pcnode_test/install/local_setup.zsh'
[1.321s] INFO:colcon.colcon_core.shell:Creating prefix chain script '/home/benny233/ros2_ws/src/ros2_pcnode_test/install/setup.zsh'
